<?xml version="1.0" encoding="UTF-8"?>
<!-- Generated by org.testng.reporters.JUnitXMLReporter -->
<testsuite hostname="Lenovo" ignored="0" name="Test" tests="3" failures="0" timestamp="2021-02-01T19:27:08 IST" time="80.65" errors="0">
  <testcase name="facebook" time="73.51" classname="com.Testng_Evng.Parallel_Test"/>
  <testcase name="instagram" time="74.666" classname="com.Testng_Evng.Parallel_Test"/>
  <testcase name="amazon" time="80.28" classname="com.Testng_Evng.Parallel_Test"/>
</testsuite> <!-- Test -->
